This is pTeX, Version 3.141592-p3.1.11 (utf8.euc) (Web2C 7.5.4) (format=platex 2011.7.24)  11 JUL 2014 16:28
**report.bib
(./report.bib
pLaTeX2e <2006/11/10>+0 (based on LaTeX2e <2003/12/01> patch level 0)

! LaTeX Error: Missing \begin{document}.

See the LaTeX manual or LaTeX Companion for explanation.
Type  H <return>  for immediate help.
 ...                                              
                                                  
l.5 @
     inproceedings{Hanson93c,
? 
! Emergency stop.
 ...                                              
                                                  
l.5 @
     inproceedings{Hanson93c,
You're in trouble here.  Try typing  <return>  to proceed.
If that doesn't work, type  X <return>  to quit.

 
Here is how much of TeX's memory you used:
 6 strings out of 94681
 175 string characters out of 1174371
 49353 words of memory out of 1500000
 3389 multiletter control sequences out of 10000+50000
 7511 words of font info for 31 fonts, out of 1200000 for 2000
 566 hyphenation exceptions out of 8191
 5i,0n,4p,67b,14s stack positions out of 5000i,500n,6000p,200000b,5000s
No pages of output.
.
